{"level":"info","message":"Server is running on port 3001","service":"tax-calculator-api","timestamp":"2026-03-14 18:11:40"}
{"level":"info","message":"Calculating tax for salary: 100000, year: 2022","service":"tax-calculator-api","timestamp":"2026-03-14 18:15:54"}
{"level":"warn","message":"Retrying fetching tax brackets for year 2022. Retries left: 2","service":"tax-calculator-api","timestamp":"2026-03-14 18:15:56"}
{"level":"info","message":"Calculating tax for salary: 100000, year: 2021","service":"tax-calculator-api","timestamp":"2026-03-14 18:16:28"}
{"level":"warn","message":"Retrying fetching tax brackets for year 2021. Retries left: 2","service":"tax-calculator-api","timestamp":"2026-03-14 18:16:30"}
{"level":"warn","message":"Retrying fetching tax brackets for year 2021. Retries left: 1","service":"tax-calculator-api","timestamp":"2026-03-14 18:16:34"}
{"level":"info","message":"Calculating tax for salary: 100000, year: 2020","service":"tax-calculator-api","timestamp":"2026-03-14 18:17:05"}
{"level":"info","message":"Calculating tax for salary: 100000, year: 2021","service":"tax-calculator-api","timestamp":"2026-03-14 18:17:07"}
{"level":"info","message":"Calculating tax for salary: 100000, year: 2022","service":"tax-calculator-api","timestamp":"2026-03-14 18:17:10"}
{"level":"warn","message":"Retrying fetching tax brackets for year 2022. Retries left: 2","service":"tax-calculator-api","timestamp":"2026-03-14 18:17:11"}
{"level":"info","message":"Calculating tax for salary: 100000, year: 2021","service":"tax-calculator-api","timestamp":"2026-03-14 18:17:15"}
{"level":"info","message":"Calculating tax for salary: 100000, year: 2020","service":"tax-calculator-api","timestamp":"2026-03-14 18:17:18"}
{"level":"warn","message":"Retrying fetching tax brackets for year 2020. Retries left: 2","service":"tax-calculator-api","timestamp":"2026-03-14 18:17:20"}
{"level":"warn","message":"Retrying fetching tax brackets for year 2020. Retries left: 1","service":"tax-calculator-api","timestamp":"2026-03-14 18:17:21"}
{"level":"info","message":"Server is running on port 3001","service":"tax-calculator-api","timestamp":"2026-03-14 18:30:06"}
{"level":"info","message":"Calculating tax for salary: 10000, year: 2022","service":"tax-calculator-api","timestamp":"2026-03-14 18:30:27"}
{"level":"warn","message":"Retrying fetching tax brackets for year 2022. Retries left: 2","service":"tax-calculator-api","timestamp":"2026-03-14 18:30:31"}
{"level":"info","message":"Calculating tax for salary: 100000, year: 2020","service":"tax-calculator-api","timestamp":"2026-03-14 18:30:59"}
{"level":"info","message":"Calculating tax for salary: 100000, year: 2020","service":"tax-calculator-api","timestamp":"2026-03-14 18:34:03"}
{"level":"info","message":"Calculating tax for salary: 100000, year: 2020","service":"tax-calculator-api","timestamp":"2026-03-14 18:34:41"}
{"level":"warn","message":"Retrying fetching tax brackets for year 2020. Retries left: 2","service":"tax-calculator-api","timestamp":"2026-03-14 18:34:41"}
{"level":"warn","message":"Retrying fetching tax brackets for year 2020. Retries left: 1","service":"tax-calculator-api","timestamp":"2026-03-14 18:34:41"}
{"level":"warn","message":"Retrying fetching tax brackets for year 2020. Retries left: 0","service":"tax-calculator-api","timestamp":"2026-03-14 18:34:41"}
{"level":"error","message":"Failed to fetch tax brackets for year 2020 after retries: ","service":"tax-calculator-api","timestamp":"2026-03-14 18:34:41"}
{"level":"error","message":" - /api/tax/calculate?salary=100000&year=2020 - GET - ::1","service":"tax-calculator-api","timestamp":"2026-03-14 18:34:41"}
{"level":"info","message":"Calculating tax for salary: 100000, year: 2020","service":"tax-calculator-api","timestamp":"2026-03-14 18:34:45"}
{"level":"warn","message":"Retrying fetching tax brackets for year 2020. Retries left: 2","service":"tax-calculator-api","timestamp":"2026-03-14 18:34:45"}
{"level":"warn","message":"Retrying fetching tax brackets for year 2020. Retries left: 1","service":"tax-calculator-api","timestamp":"2026-03-14 18:34:45"}
{"level":"warn","message":"Retrying fetching tax brackets for year 2020. Retries left: 0","service":"tax-calculator-api","timestamp":"2026-03-14 18:34:45"}
{"level":"error","message":"Failed to fetch tax brackets for year 2020 after retries: ","service":"tax-calculator-api","timestamp":"2026-03-14 18:34:45"}
{"level":"error","message":" - /api/tax/calculate?salary=100000&year=2020 - GET - ::1","service":"tax-calculator-api","timestamp":"2026-03-14 18:34:45"}
{"level":"info","message":"Calculating tax for salary: 100000, year: 2020","service":"tax-calculator-api","timestamp":"2026-03-14 18:34:45"}
{"level":"warn","message":"Retrying fetching tax brackets for year 2020. Retries left: 2","service":"tax-calculator-api","timestamp":"2026-03-14 18:34:45"}
{"level":"warn","message":"Retrying fetching tax brackets for year 2020. Retries left: 1","service":"tax-calculator-api","timestamp":"2026-03-14 18:34:45"}
{"level":"warn","message":"Retrying fetching tax brackets for year 2020. Retries left: 0","service":"tax-calculator-api","timestamp":"2026-03-14 18:34:45"}
{"level":"error","message":"Failed to fetch tax brackets for year 2020 after retries: ","service":"tax-calculator-api","timestamp":"2026-03-14 18:34:45"}
{"level":"error","message":" - /api/tax/calculate?salary=100000&year=2020 - GET - ::1","service":"tax-calculator-api","timestamp":"2026-03-14 18:34:45"}
{"level":"info","message":"Calculating tax for salary: 100000, year: 2020","service":"tax-calculator-api","timestamp":"2026-03-14 18:34:46"}
{"level":"warn","message":"Retrying fetching tax brackets for year 2020. Retries left: 2","service":"tax-calculator-api","timestamp":"2026-03-14 18:34:46"}
{"level":"warn","message":"Retrying fetching tax brackets for year 2020. Retries left: 1","service":"tax-calculator-api","timestamp":"2026-03-14 18:34:46"}
{"level":"warn","message":"Retrying fetching tax brackets for year 2020. Retries left: 0","service":"tax-calculator-api","timestamp":"2026-03-14 18:34:46"}
{"level":"error","message":"Failed to fetch tax brackets for year 2020 after retries: ","service":"tax-calculator-api","timestamp":"2026-03-14 18:34:46"}
{"level":"error","message":" - /api/tax/calculate?salary=100000&year=2020 - GET - ::1","service":"tax-calculator-api","timestamp":"2026-03-14 18:34:46"}
{"level":"info","message":"Calculating tax for salary: 100000, year: 2021","service":"tax-calculator-api","timestamp":"2026-03-14 18:34:57"}
